-------------------------------------------------------------------------------
Test set: com.neusoft.demo.DemoApplicationTests
-------------------------------------------------------------------------------
Tests run: 1, Failures: 0, Errors: 1, Skipped: 0, Time elapsed: 0.183 s <<< FAILURE! - in com.neusoft.demo.DemoApplicationTests
com.neusoft.demo.DemoApplicationTests  Time elapsed: 0.167 s  <<< ERROR!
java.lang.IllegalStateException: Unable to find a @SpringBootConfiguration, you need to use @ContextConfiguration or @SpringBootTest(classes=...) with your test

